c ----------------------------------------- Paras list -------------------------------------------------
c Name           	 Type    	 Now       	 Default   	 Comment
c cutoff         	 double  	 5000.00   	 5000.0    	 cutoff time(seconds)
c threads        	 int     	 32        	 32        	 threads
c yalsat         	 int     	 1         	 1         	 use yalsat solver
c share_lits     	 int     	 1500      	 1500      	 shared lits limit per thread per share_intv
c share_intv     	 int     	 500       	 500       	 share interval(miliseconds)
c share_grps     	 int     	 4         	 4         	 max share group size
c mode           	 int     	 1         	 0         	 0 for PRS, 1 for SBVA
c -----------------------------------------------------------------------------------------------------
c mode SBVA
c read and proprocessing PRS...
c create solver instances ...
c creating 30 Kissat solver instances (20 PRS + 10 SBVA) ...
c creating 2 Yalsat solver instances (1 PRS + 1 SBVA) ...
c configuring all solvers...
c num_solvers: 30, num_sat_group: 10, num_unsat_group: 9, num_default_group: 11
c prs kissat read instance ...
c prs yalsat read instance ...
c start prs-yalsat(1) and prs-kissat(20) solving ...
c start sbva simplification (timeout: 500) ...
c problem solved by PRS-Kissat thread 0
c no effective sbva found
c terminating all solvers...
s SATISFIABLE
v 1 2 3 0
